<?xml version="1.0" encoding="UTF-8"?>
<!-- Generated by org.testng.reporters.JUnitXMLReporter -->
<testsuite hostname="EPUALVIW0648" name="VPTestSuiteChrome" tests="19" failures="0" timestamp="10 May 2016 15:33:14 GMT" time="219.321" errors="0">
  <testcase name="verifyLogo" time="0.075" classname="pageobject.test.HeaderTest"/>
  <testcase name="verifyHomeTab" time="0.1" classname="pageobject.test.HeaderTest"/>
  <testcase name="verifyAboutTab" time="0.12" classname="pageobject.test.HeaderTest"/>
  <testcase name="verifyServicesTab" time="0.111" classname="pageobject.test.HeaderTest"/>
  <testcase name="verifyWorkTab" time="0.1" classname="pageobject.test.HeaderTest"/>
  <testcase name="verifyBlogTab" time="0.139" classname="pageobject.test.HeaderTest"/>
  <testcase name="verifyContactTab" time="0.105" classname="pageobject.test.HeaderTest"/>
  <testcase name="isHomeHeroImageDisplayed" time="0.04" classname="pageobject.test.HomePageTest"/>
  <testcase name="isHomePageText1DisplayedAndCorrect" time="0.09" classname="pageobject.test.HomePageTest"/>
  <testcase name="verifyRequestAQuoteBtn" time="0.092" classname="pageobject.test.HomePageTest"/>
  <testcase name="verifyServicesLink" time="2.983" classname="pageobject.test.AboutPageTest"/>
  <testcase name="is2ndSlideImageDisplayed" time="3.738" classname="pageobject.test.ServicesPageTest"/>
  <testcase name="isDigitalPrintingmenuCorrect" time="4.19" classname="pageobject.test.ServicesPageTest"/>
  <testcase name="prevArrowVerification" time="5.326" classname="pageobject.test.WorkPageTest"/>
  <testcase name="imageSignatureVerification" time="4.406" classname="pageobject.test.WorkPageTest"/>
  <testcase name="imageCounterVerification" time="5.234" classname="pageobject.test.WorkPageTest"/>
  <testcase name="verifyArticlesSorting" time="3.05" classname="pageobject.test.BlogPageTest"/>
  <testcase name="verifySearch" time="4.235" classname="pageobject.test.BlogPageTest"/>
  <testcase name="verifyRequiredFieldsMainValidation" time="8.863" classname="pageobject.test.ContactPageTest"/>
</testsuite> <!-- VPTestSuiteChrome -->
