<?xml version="1.0" encoding="UTF-8"?>
<!-- Generated by org.testng.reporters.JUnitXMLReporter -->
<testsuite hostname="EPUALVIW0648" name="VPTestSuiteChrome" tests="22" failures="15" timestamp="27 Apr 2016 09:36:07 GMT" time="9.582" errors="0">
  <testcase name="verifyLogo" time="0.044" classname="pageobject.test.HeaderTest"/>
  <testcase name="verifyHomeTab" time="0.087" classname="pageobject.test.HeaderTest"/>
  <testcase name="verifyAboutTab" time="0.082" classname="pageobject.test.HeaderTest"/>
  <testcase name="verifyServicesTab" time="0.086" classname="pageobject.test.HeaderTest"/>
  <testcase name="verifyWorkTab" time="0.09" classname="pageobject.test.HeaderTest"/>
  <testcase name="verifyBlogTab" time="0.087" classname="pageobject.test.HeaderTest"/>
  <testcase name="verifyContactTab" time="0.084" classname="pageobject.test.HeaderTest"/>
  <testcase name="isHomeHeroImageDisplayed" time="0.001" classname="pageobject.test.HomePageTest">
    <failure type="java.lang.NullPointerException">
      <![CDATA[java.lang.NullPointerException
	at pageobject.test.HomePageTest.isHomeHeroImageDisplayed(HomePageTest.java:15)
	at com.sun.proxy.$Proxy0.invoke(Unknown Source)
... Removed 32 stack frames]]>
    </failure>
  </testcase> <!-- isHomeHeroImageDisplayed -->
  <testcase name="isHomePageText1DisplayedAndCorrect" time="0.0" classname="pageobject.test.HomePageTest">
    <failure type="java.lang.NullPointerException">
      <![CDATA[java.lang.NullPointerException
	at pageobject.test.HomePageTest.isHomePageText1DisplayedAndCorrect(HomePageTest.java:19)
	at com.sun.proxy.$Proxy0.invoke(Unknown Source)
... Removed 32 stack frames]]>
    </failure>
  </testcase> <!-- isHomePageText1DisplayedAndCorrect -->
  <testcase name="verifyRequestAQuoteBtn" time="0.0" classname="pageobject.test.HomePageTest">
    <failure type="java.lang.NullPointerException">
      <![CDATA[java.lang.NullPointerException
	at pageobject.test.HomePageTest.verifyRequestAQuoteBtn(HomePageTest.java:26)
	at com.sun.proxy.$Proxy0.invoke(Unknown Source)
... Removed 32 stack frames]]>
    </failure>
  </testcase> <!-- verifyRequestAQuoteBtn -->
  <testcase name="verifyServicesLink" time="0.0" classname="pageobject.test.AboutPageTest">
    <failure type="java.lang.NullPointerException">
      <![CDATA[java.lang.NullPointerException
	at pageobject.test.AboutPageTest.verifyServicesLink(AboutPageTest.java:23)
	at com.sun.proxy.$Proxy0.invoke(Unknown Source)
... Removed 32 stack frames]]>
    </failure>
  </testcase> <!-- verifyServicesLink -->
  <testcase name="verifyVideoFrame" time="0.0" classname="pageobject.test.AboutPageTest">
    <failure type="java.lang.NullPointerException">
      <![CDATA[java.lang.NullPointerException
	at pageobject.test.AboutPageTest.verifyVideoFrame(AboutPageTest.java:15)
	at com.sun.proxy.$Proxy0.invoke(Unknown Source)
... Removed 32 stack frames]]>
    </failure>
  </testcase> <!-- verifyVideoFrame -->
  <testcase name="is2ndSlideImageDisplayed" time="0.0" classname="pageobject.test.ServicesPageTest">
    <failure type="java.lang.NullPointerException">
      <![CDATA[java.lang.NullPointerException
	at pageobject.test.ServicesPageTest.is2ndSlideImageDisplayed(ServicesPageTest.java:16)
	at com.sun.proxy.$Proxy0.invoke(Unknown Source)
... Removed 32 stack frames]]>
    </failure>
  </testcase> <!-- is2ndSlideImageDisplayed -->
  <testcase name="isDigitalPrintingmenuCorrect" time="0.0" classname="pageobject.test.ServicesPageTest">
    <failure type="java.lang.NullPointerException">
      <![CDATA[java.lang.NullPointerException
	at pageobject.test.ServicesPageTest.isDigitalPrintingmenuCorrect(ServicesPageTest.java:23)
	at com.sun.proxy.$Proxy0.invoke(Unknown Source)
... Removed 32 stack frames]]>
    </failure>
  </testcase> <!-- isDigitalPrintingmenuCorrect -->
  <testcase name="prevArrowVerification" time="0.0" classname="pageobject.test.WorkPageTest">
    <failure type="java.lang.NullPointerException">
      <![CDATA[java.lang.NullPointerException
	at pageobject.test.WorkPageTest.prevArrowVerification(WorkPageTest.java:37)
	at com.sun.proxy.$Proxy0.invoke(Unknown Source)
... Removed 32 stack frames]]>
    </failure>
  </testcase> <!-- prevArrowVerification -->
  <testcase name="imageSignatureVerification" time="0.0" classname="pageobject.test.WorkPageTest">
    <failure type="java.lang.NullPointerException">
      <![CDATA[java.lang.NullPointerException
	at pageobject.test.WorkPageTest.imageSignatureVerification(WorkPageTest.java:44)
	at com.sun.proxy.$Proxy0.invoke(Unknown Source)
... Removed 32 stack frames]]>
    </failure>
  </testcase> <!-- imageSignatureVerification -->
  <testcase name="imageCounterVerification" time="0.0" classname="pageobject.test.WorkPageTest">
    <failure type="java.lang.NullPointerException">
      <![CDATA[java.lang.NullPointerException
	at pageobject.test.WorkPageTest.imageCounterVerification(WorkPageTest.java:52)
	at com.sun.proxy.$Proxy0.invoke(Unknown Source)
... Removed 32 stack frames]]>
    </failure>
  </testcase> <!-- imageCounterVerification -->
  <testcase name="verifyArticlesSorting" time="0.0" classname="pageobject.test.BlogPageTest">
    <failure type="java.lang.NullPointerException">
      <![CDATA[java.lang.NullPointerException
	at pageobject.test.BlogPageTest.verifyArticlesSorting(BlogPageTest.java:20)
	at com.sun.proxy.$Proxy0.invoke(Unknown Source)
... Removed 32 stack frames]]>
    </failure>
  </testcase> <!-- verifyArticlesSorting -->
  <testcase name="verifySearch" time="0.0" classname="pageobject.test.BlogPageTest">
    <failure type="java.lang.NullPointerException">
      <![CDATA[java.lang.NullPointerException
	at pageobject.test.BlogPageTest.verifySearch(BlogPageTest.java:26)
	at com.sun.proxy.$Proxy0.invoke(Unknown Source)
... Removed 32 stack frames]]>
    </failure>
  </testcase> <!-- verifySearch -->
  <testcase name="verifyRequiredFieldsMainValidation" time="0.0" classname="pageobject.test.ContactPageTest">
    <failure type="java.lang.NullPointerException">
      <![CDATA[java.lang.NullPointerException
	at pageobject.test.ContactPageTest.verifyRequiredFieldsMainValidation(ContactPageTest.java:20)
	at com.sun.proxy.$Proxy0.invoke(Unknown Source)
... Removed 32 stack frames]]>
    </failure>
  </testcase> <!-- verifyRequiredFieldsMainValidation -->
  <testcase name="verifyRequiredNameFieldsValidation" time="0.0" classname="pageobject.test.ContactPageTest">
    <failure type="java.lang.NullPointerException">
      <![CDATA[java.lang.NullPointerException
	at pageobject.test.ContactPageTest.verifyRequiredNameFieldsValidation(ContactPageTest.java:29)
	at com.sun.proxy.$Proxy0.invoke(Unknown Source)
... Removed 32 stack frames]]>
    </failure>
  </testcase> <!-- verifyRequiredNameFieldsValidation -->
  <testcase name="verifyRequiredEmailFieldValidation" time="0.0" classname="pageobject.test.ContactPageTest">
    <failure type="java.lang.NullPointerException">
      <![CDATA[java.lang.NullPointerException
	at pageobject.test.ContactPageTest.verifyRequiredEmailFieldValidation(ContactPageTest.java:37)
	at com.sun.proxy.$Proxy0.invoke(Unknown Source)
... Removed 32 stack frames]]>
    </failure>
  </testcase> <!-- verifyRequiredEmailFieldValidation -->
</testsuite> <!-- VPTestSuiteChrome -->
