<?xml version="1.0" encoding="UTF-8"?>
<testng-results skipped="0" failed="0" total="19" passed="19">
  <reporter-output>
  </reporter-output>
  <suite name="VillagePrint Site Test Suite" duration-ms="219321" started-at="2016-05-10T15:29:34Z" finished-at="2016-05-10T15:33:14Z">
    <groups>
    </groups>
    <test name="VPTestSuiteChrome" duration-ms="219321" started-at="2016-05-10T15:29:34Z" finished-at="2016-05-10T15:33:14Z">
      <class name="pageobject.test.ContactPageTest">
        <test-method status="PASS" signature="setup(java.lang.String, java.lang.String)[pri:0, instance:pageobject.test.ContactPageTest@8a2a6a]" name="setup" is-config="true" duration-ms="7441" started-at="2016-05-10T18:32:56Z" finished-at="2016-05-10T18:33:04Z">
          <params>
            <param index="0">
              <value>
                <![CDATA[chrome]]>
              </value>
            </param>
            <param index="1">
              <value>
                <![CDATA[http://www.villageprint.com/]]>
              </value>
            </param>
          </params>
          <reporter-output>
          </reporter-output>
        </test-method> <!-- setup -->
        <test-method status="PASS" signature="verifyRequiredFieldsMainValidation()[pri:1, instance:pageobject.test.ContactPageTest@8a2a6a]" name="verifyRequiredFieldsMainValidation" duration-ms="8863" started-at="2016-05-10T18:33:04Z" finished-at="2016-05-10T18:33:13Z">
          <reporter-output>
          </reporter-output>
        </test-method> <!-- verifyRequiredFieldsMainValidation -->
        <test-method status="PASS" signature="tearDown(org.testng.ITestResult)[pri:0, instance:pageobject.test.ContactPageTest@8a2a6a]" name="tearDown" is-config="true" duration-ms="847" started-at="2016-05-10T18:33:13Z" finished-at="2016-05-10T18:33:14Z">
          <params>
            <param index="0">
              <value>
                <![CDATA[[TestResult name=verifyRequiredFieldsMainValidation status=SUCCESS method=ContactPageTest.verifyRequiredFieldsMainValidation()[pri:1, instance:pageobject.test.ContactPageTest@8a2a6a] output={null}]]]>
              </value>
            </param>
          </params>
          <reporter-output>
          </reporter-output>
        </test-method> <!-- tearDown -->
      </class> <!-- pageobject.test.ContactPageTest -->
      <class name="pageobject.test.AboutPageTest">
        <test-method status="PASS" signature="setup(java.lang.String, java.lang.String)[pri:0, instance:pageobject.test.AboutPageTest@8f2098e]" name="setup" is-config="true" duration-ms="7863" started-at="2016-05-10T18:31:18Z" finished-at="2016-05-10T18:31:26Z">
          <params>
            <param index="0">
              <value>
                <![CDATA[chrome]]>
              </value>
            </param>
            <param index="1">
              <value>
                <![CDATA[http://www.villageprint.com/]]>
              </value>
            </param>
          </params>
          <reporter-output>
          </reporter-output>
        </test-method> <!-- setup -->
        <test-method status="PASS" signature="verifyServicesLink()[pri:0, instance:pageobject.test.AboutPageTest@8f2098e]" name="verifyServicesLink" duration-ms="2983" started-at="2016-05-10T18:31:26Z" finished-at="2016-05-10T18:31:29Z">
          <reporter-output>
          </reporter-output>
        </test-method> <!-- verifyServicesLink -->
        <test-method status="PASS" signature="tearDown(org.testng.ITestResult)[pri:0, instance:pageobject.test.AboutPageTest@8f2098e]" name="tearDown" is-config="true" duration-ms="878" started-at="2016-05-10T18:31:29Z" finished-at="2016-05-10T18:31:30Z">
          <params>
            <param index="0">
              <value>
                <![CDATA[[TestResult name=verifyServicesLink status=SUCCESS method=AboutPageTest.verifyServicesLink()[pri:0, instance:pageobject.test.AboutPageTest@8f2098e] output={null}]]]>
              </value>
            </param>
          </params>
          <reporter-output>
          </reporter-output>
        </test-method> <!-- tearDown -->
      </class> <!-- pageobject.test.AboutPageTest -->
      <class name="pageobject.test.BlogPageTest">
        <test-method status="PASS" signature="setup(java.lang.String, java.lang.String)[pri:0, instance:pageobject.test.BlogPageTest@18acfe88]" name="setup" is-config="true" duration-ms="8262" started-at="2016-05-10T18:32:33Z" finished-at="2016-05-10T18:32:41Z">
          <params>
            <param index="0">
              <value>
                <![CDATA[chrome]]>
              </value>
            </param>
            <param index="1">
              <value>
                <![CDATA[http://www.villageprint.com/]]>
              </value>
            </param>
          </params>
          <reporter-output>
          </reporter-output>
        </test-method> <!-- setup -->
        <test-method status="PASS" signature="verifyArticlesSorting()[pri:1, instance:pageobject.test.BlogPageTest@18acfe88]" name="verifyArticlesSorting" duration-ms="3050" started-at="2016-05-10T18:32:41Z" finished-at="2016-05-10T18:32:44Z">
          <reporter-output>
          </reporter-output>
        </test-method> <!-- verifyArticlesSorting -->
        <test-method status="PASS" signature="tearDown(org.testng.ITestResult)[pri:0, instance:pageobject.test.BlogPageTest@18acfe88]" name="tearDown" is-config="true" duration-ms="842" started-at="2016-05-10T18:32:44Z" finished-at="2016-05-10T18:32:45Z">
          <params>
            <param index="0">
              <value>
                <![CDATA[[TestResult name=verifyArticlesSorting status=SUCCESS method=BlogPageTest.verifyArticlesSorting()[pri:1, instance:pageobject.test.BlogPageTest@18acfe88] output={null}]]]>
              </value>
            </param>
          </params>
          <reporter-output>
          </reporter-output>
        </test-method> <!-- tearDown -->
        <test-method status="PASS" signature="setup(java.lang.String, java.lang.String)[pri:0, instance:pageobject.test.BlogPageTest@18acfe88]" name="setup" is-config="true" duration-ms="6647" started-at="2016-05-10T18:32:45Z" finished-at="2016-05-10T18:32:51Z">
          <params>
            <param index="0">
              <value>
                <![CDATA[chrome]]>
              </value>
            </param>
            <param index="1">
              <value>
                <![CDATA[http://www.villageprint.com/]]>
              </value>
            </param>
          </params>
          <reporter-output>
          </reporter-output>
        </test-method> <!-- setup -->
        <test-method status="PASS" signature="verifySearch()[pri:2, instance:pageobject.test.BlogPageTest@18acfe88]" name="verifySearch" duration-ms="4235" started-at="2016-05-10T18:32:51Z" finished-at="2016-05-10T18:32:56Z">
          <reporter-output>
          </reporter-output>
        </test-method> <!-- verifySearch -->
        <test-method status="PASS" signature="tearDown(org.testng.ITestResult)[pri:0, instance:pageobject.test.BlogPageTest@18acfe88]" name="tearDown" is-config="true" duration-ms="889" started-at="2016-05-10T18:32:56Z" finished-at="2016-05-10T18:32:56Z">
          <params>
            <param index="0">
              <value>
                <![CDATA[[TestResult name=verifySearch status=SUCCESS method=BlogPageTest.verifySearch()[pri:2, instance:pageobject.test.BlogPageTest@18acfe88] output={null}]]]>
              </value>
            </param>
          </params>
          <reporter-output>
          </reporter-output>
        </test-method> <!-- tearDown -->
      </class> <!-- pageobject.test.BlogPageTest -->
      <class name="pageobject.test.WorkPageTest">
        <test-method status="PASS" signature="setup(java.lang.String, java.lang.String)[pri:0, instance:pageobject.test.WorkPageTest@55a88417]" name="setup" is-config="true" duration-ms="7610" started-at="2016-05-10T18:31:54Z" finished-at="2016-05-10T18:32:01Z">
          <params>
            <param index="0">
              <value>
                <![CDATA[chrome]]>
              </value>
            </param>
            <param index="1">
              <value>
                <![CDATA[http://www.villageprint.com/]]>
              </value>
            </param>
          </params>
          <reporter-output>
          </reporter-output>
        </test-method> <!-- setup -->
        <test-method status="PASS" signature="prevArrowVerification()[pri:4, instance:pageobject.test.WorkPageTest@55a88417]" name="prevArrowVerification" duration-ms="5326" started-at="2016-05-10T18:32:01Z" finished-at="2016-05-10T18:32:07Z">
          <reporter-output>
          </reporter-output>
        </test-method> <!-- prevArrowVerification -->
        <test-method status="PASS" signature="tearDown(org.testng.ITestResult)[pri:0, instance:pageobject.test.WorkPageTest@55a88417]" name="tearDown" is-config="true" duration-ms="841" started-at="2016-05-10T18:32:07Z" finished-at="2016-05-10T18:32:07Z">
          <params>
            <param index="0">
              <value>
                <![CDATA[[TestResult name=prevArrowVerification status=SUCCESS method=WorkPageTest.prevArrowVerification()[pri:4, instance:pageobject.test.WorkPageTest@55a88417] output={null}]]]>
              </value>
            </param>
          </params>
          <reporter-output>
          </reporter-output>
        </test-method> <!-- tearDown -->
        <test-method status="PASS" signature="setup(java.lang.String, java.lang.String)[pri:0, instance:pageobject.test.WorkPageTest@55a88417]" name="setup" is-config="true" duration-ms="6995" started-at="2016-05-10T18:32:07Z" finished-at="2016-05-10T18:32:14Z">
          <params>
            <param index="0">
              <value>
                <![CDATA[chrome]]>
              </value>
            </param>
            <param index="1">
              <value>
                <![CDATA[http://www.villageprint.com/]]>
              </value>
            </param>
          </params>
          <reporter-output>
          </reporter-output>
        </test-method> <!-- setup -->
        <test-method status="PASS" signature="imageSignatureVerification()[pri:5, instance:pageobject.test.WorkPageTest@55a88417]" name="imageSignatureVerification" duration-ms="4406" started-at="2016-05-10T18:32:14Z" finished-at="2016-05-10T18:32:19Z">
          <reporter-output>
          </reporter-output>
        </test-method> <!-- imageSignatureVerification -->
        <test-method status="PASS" signature="tearDown(org.testng.ITestResult)[pri:0, instance:pageobject.test.WorkPageTest@55a88417]" name="tearDown" is-config="true" duration-ms="873" started-at="2016-05-10T18:32:19Z" finished-at="2016-05-10T18:32:20Z">
          <params>
            <param index="0">
              <value>
                <![CDATA[[TestResult name=imageSignatureVerification status=SUCCESS method=WorkPageTest.imageSignatureVerification()[pri:5, instance:pageobject.test.WorkPageTest@55a88417] output={null}]]]>
              </value>
            </param>
          </params>
          <reporter-output>
          </reporter-output>
        </test-method> <!-- tearDown -->
        <test-method status="PASS" signature="setup(java.lang.String, java.lang.String)[pri:0, instance:pageobject.test.WorkPageTest@55a88417]" name="setup" is-config="true" duration-ms="6808" started-at="2016-05-10T18:32:20Z" finished-at="2016-05-10T18:32:26Z">
          <params>
            <param index="0">
              <value>
                <![CDATA[chrome]]>
              </value>
            </param>
            <param index="1">
              <value>
                <![CDATA[http://www.villageprint.com/]]>
              </value>
            </param>
          </params>
          <reporter-output>
          </reporter-output>
        </test-method> <!-- setup -->
        <test-method status="PASS" signature="imageCounterVerification()[pri:6, instance:pageobject.test.WorkPageTest@55a88417]" name="imageCounterVerification" duration-ms="5234" started-at="2016-05-10T18:32:26Z" finished-at="2016-05-10T18:32:32Z">
          <reporter-output>
          </reporter-output>
        </test-method> <!-- imageCounterVerification -->
        <test-method status="PASS" signature="tearDown(org.testng.ITestResult)[pri:0, instance:pageobject.test.WorkPageTest@55a88417]" name="tearDown" is-config="true" duration-ms="849" started-at="2016-05-10T18:32:32Z" finished-at="2016-05-10T18:32:33Z">
          <params>
            <param index="0">
              <value>
                <![CDATA[[TestResult name=imageCounterVerification status=SUCCESS method=WorkPageTest.imageCounterVerification()[pri:6, instance:pageobject.test.WorkPageTest@55a88417] output={null}]]]>
              </value>
            </param>
          </params>
          <reporter-output>
          </reporter-output>
        </test-method> <!-- tearDown -->
      </class> <!-- pageobject.test.WorkPageTest -->
      <class name="pageobject.test.HomePageTest">
        <test-method status="PASS" signature="setup(java.lang.String, java.lang.String)[pri:0, instance:pageobject.test.HomePageTest@44c13103]" name="setup" is-config="true" duration-ms="7830" started-at="2016-05-10T18:30:52Z" finished-at="2016-05-10T18:31:00Z">
          <params>
            <param index="0">
              <value>
                <![CDATA[chrome]]>
              </value>
            </param>
            <param index="1">
              <value>
                <![CDATA[http://www.villageprint.com/]]>
              </value>
            </param>
          </params>
          <reporter-output>
          </reporter-output>
        </test-method> <!-- setup -->
        <test-method status="PASS" signature="isHomeHeroImageDisplayed()[pri:1, instance:pageobject.test.HomePageTest@44c13103]" name="isHomeHeroImageDisplayed" duration-ms="40" started-at="2016-05-10T18:31:00Z" finished-at="2016-05-10T18:31:00Z">
          <reporter-output>
          </reporter-output>
        </test-method> <!-- isHomeHeroImageDisplayed -->
        <test-method status="PASS" signature="tearDown(org.testng.ITestResult)[pri:0, instance:pageobject.test.HomePageTest@44c13103]" name="tearDown" is-config="true" duration-ms="876" started-at="2016-05-10T18:31:00Z" finished-at="2016-05-10T18:31:01Z">
          <params>
            <param index="0">
              <value>
                <![CDATA[[TestResult name=isHomeHeroImageDisplayed status=SUCCESS method=HomePageTest.isHomeHeroImageDisplayed()[pri:1, instance:pageobject.test.HomePageTest@44c13103] output={null}]]]>
              </value>
            </param>
          </params>
          <reporter-output>
          </reporter-output>
        </test-method> <!-- tearDown -->
        <test-method status="PASS" signature="setup(java.lang.String, java.lang.String)[pri:0, instance:pageobject.test.HomePageTest@44c13103]" name="setup" is-config="true" duration-ms="7786" started-at="2016-05-10T18:31:01Z" finished-at="2016-05-10T18:31:09Z">
          <params>
            <param index="0">
              <value>
                <![CDATA[chrome]]>
              </value>
            </param>
            <param index="1">
              <value>
                <![CDATA[http://www.villageprint.com/]]>
              </value>
            </param>
          </params>
          <reporter-output>
          </reporter-output>
        </test-method> <!-- setup -->
        <test-method status="PASS" signature="isHomePageText1DisplayedAndCorrect()[pri:2, instance:pageobject.test.HomePageTest@44c13103]" name="isHomePageText1DisplayedAndCorrect" duration-ms="90" started-at="2016-05-10T18:31:09Z" finished-at="2016-05-10T18:31:09Z">
          <reporter-output>
          </reporter-output>
        </test-method> <!-- isHomePageText1DisplayedAndCorrect -->
        <test-method status="PASS" signature="tearDown(org.testng.ITestResult)[pri:0, instance:pageobject.test.HomePageTest@44c13103]" name="tearDown" is-config="true" duration-ms="830" started-at="2016-05-10T18:31:09Z" finished-at="2016-05-10T18:31:10Z">
          <params>
            <param index="0">
              <value>
                <![CDATA[[TestResult name=isHomePageText1DisplayedAndCorrect status=SUCCESS method=HomePageTest.isHomePageText1DisplayedAndCorrect()[pri:2, instance:pageobject.test.HomePageTest@44c13103] output={null}]]]>
              </value>
            </param>
          </params>
          <reporter-output>
          </reporter-output>
        </test-method> <!-- tearDown -->
        <test-method status="PASS" signature="setup(java.lang.String, java.lang.String)[pri:0, instance:pageobject.test.HomePageTest@44c13103]" name="setup" is-config="true" duration-ms="7685" started-at="2016-05-10T18:31:10Z" finished-at="2016-05-10T18:31:17Z">
          <params>
            <param index="0">
              <value>
                <![CDATA[chrome]]>
              </value>
            </param>
            <param index="1">
              <value>
                <![CDATA[http://www.villageprint.com/]]>
              </value>
            </param>
          </params>
          <reporter-output>
          </reporter-output>
        </test-method> <!-- setup -->
        <test-method status="PASS" signature="verifyRequestAQuoteBtn()[pri:3, instance:pageobject.test.HomePageTest@44c13103]" name="verifyRequestAQuoteBtn" duration-ms="92" started-at="2016-05-10T18:31:17Z" finished-at="2016-05-10T18:31:17Z">
          <reporter-output>
          </reporter-output>
        </test-method> <!-- verifyRequestAQuoteBtn -->
        <test-method status="PASS" signature="tearDown(org.testng.ITestResult)[pri:0, instance:pageobject.test.HomePageTest@44c13103]" name="tearDown" is-config="true" duration-ms="877" started-at="2016-05-10T18:31:17Z" finished-at="2016-05-10T18:31:18Z">
          <params>
            <param index="0">
              <value>
                <![CDATA[[TestResult name=verifyRequestAQuoteBtn status=SUCCESS method=HomePageTest.verifyRequestAQuoteBtn()[pri:3, instance:pageobject.test.HomePageTest@44c13103] output={null}]]]>
              </value>
            </param>
          </params>
          <reporter-output>
          </reporter-output>
        </test-method> <!-- tearDown -->
      </class> <!-- pageobject.test.HomePageTest -->
      <class name="pageobject.test.HeaderTest">
        <test-method status="PASS" signature="setup(java.lang.String, java.lang.String)[pri:0, instance:pageobject.test.HeaderTest@7fd8c559]" name="setup" is-config="true" duration-ms="11569" started-at="2016-05-10T18:29:34Z" finished-at="2016-05-10T18:29:46Z">
          <params>
            <param index="0">
              <value>
                <![CDATA[chrome]]>
              </value>
            </param>
            <param index="1">
              <value>
                <![CDATA[http://www.villageprint.com/]]>
              </value>
            </param>
          </params>
          <reporter-output>
          </reporter-output>
        </test-method> <!-- setup -->
        <test-method status="PASS" signature="verifyLogo()[pri:1, instance:pageobject.test.HeaderTest@7fd8c559]" name="verifyLogo" duration-ms="75" started-at="2016-05-10T18:29:46Z" finished-at="2016-05-10T18:29:46Z">
          <reporter-output>
          </reporter-output>
        </test-method> <!-- verifyLogo -->
        <test-method status="PASS" signature="tearDown(org.testng.ITestResult)[pri:0, instance:pageobject.test.HeaderTest@7fd8c559]" name="tearDown" is-config="true" duration-ms="1392" started-at="2016-05-10T18:29:46Z" finished-at="2016-05-10T18:29:47Z">
          <params>
            <param index="0">
              <value>
                <![CDATA[[TestResult name=verifyLogo status=SUCCESS method=HeaderTest.verifyLogo()[pri:1, instance:pageobject.test.HeaderTest@7fd8c559] output={null}]]]>
              </value>
            </param>
          </params>
          <reporter-output>
          </reporter-output>
        </test-method> <!-- tearDown -->
        <test-method status="PASS" signature="setup(java.lang.String, java.lang.String)[pri:0, instance:pageobject.test.HeaderTest@7fd8c559]" name="setup" is-config="true" duration-ms="9023" started-at="2016-05-10T18:29:47Z" finished-at="2016-05-10T18:29:57Z">
          <params>
            <param index="0">
              <value>
                <![CDATA[chrome]]>
              </value>
            </param>
            <param index="1">
              <value>
                <![CDATA[http://www.villageprint.com/]]>
              </value>
            </param>
          </params>
          <reporter-output>
          </reporter-output>
        </test-method> <!-- setup -->
        <test-method status="PASS" signature="verifyHomeTab()[pri:2, instance:pageobject.test.HeaderTest@7fd8c559]" name="verifyHomeTab" duration-ms="100" started-at="2016-05-10T18:29:57Z" finished-at="2016-05-10T18:29:57Z">
          <reporter-output>
          </reporter-output>
        </test-method> <!-- verifyHomeTab -->
        <test-method status="PASS" signature="tearDown(org.testng.ITestResult)[pri:0, instance:pageobject.test.HeaderTest@7fd8c559]" name="tearDown" is-config="true" duration-ms="825" started-at="2016-05-10T18:29:57Z" finished-at="2016-05-10T18:29:57Z">
          <params>
            <param index="0">
              <value>
                <![CDATA[[TestResult name=verifyHomeTab status=SUCCESS method=HeaderTest.verifyHomeTab()[pri:2, instance:pageobject.test.HeaderTest@7fd8c559] output={null}]]]>
              </value>
            </param>
          </params>
          <reporter-output>
          </reporter-output>
        </test-method> <!-- tearDown -->
        <test-method status="PASS" signature="setup(java.lang.String, java.lang.String)[pri:0, instance:pageobject.test.HeaderTest@7fd8c559]" name="setup" is-config="true" duration-ms="12282" started-at="2016-05-10T18:29:57Z" finished-at="2016-05-10T18:30:10Z">
          <params>
            <param index="0">
              <value>
                <![CDATA[chrome]]>
              </value>
            </param>
            <param index="1">
              <value>
                <![CDATA[http://www.villageprint.com/]]>
              </value>
            </param>
          </params>
          <reporter-output>
          </reporter-output>
        </test-method> <!-- setup -->
        <test-method status="PASS" signature="verifyAboutTab()[pri:3, instance:pageobject.test.HeaderTest@7fd8c559]" name="verifyAboutTab" duration-ms="120" started-at="2016-05-10T18:30:10Z" finished-at="2016-05-10T18:30:10Z">
          <reporter-output>
          </reporter-output>
        </test-method> <!-- verifyAboutTab -->
        <test-method status="PASS" signature="tearDown(org.testng.ITestResult)[pri:0, instance:pageobject.test.HeaderTest@7fd8c559]" name="tearDown" is-config="true" duration-ms="829" started-at="2016-05-10T18:30:10Z" finished-at="2016-05-10T18:30:11Z">
          <params>
            <param index="0">
              <value>
                <![CDATA[[TestResult name=verifyAboutTab status=SUCCESS method=HeaderTest.verifyAboutTab()[pri:3, instance:pageobject.test.HeaderTest@7fd8c559] output={null}]]]>
              </value>
            </param>
          </params>
          <reporter-output>
          </reporter-output>
        </test-method> <!-- tearDown -->
        <test-method status="PASS" signature="setup(java.lang.String, java.lang.String)[pri:0, instance:pageobject.test.HeaderTest@7fd8c559]" name="setup" is-config="true" duration-ms="10025" started-at="2016-05-10T18:30:11Z" finished-at="2016-05-10T18:30:21Z">
          <params>
            <param index="0">
              <value>
                <![CDATA[chrome]]>
              </value>
            </param>
            <param index="1">
              <value>
                <![CDATA[http://www.villageprint.com/]]>
              </value>
            </param>
          </params>
          <reporter-output>
          </reporter-output>
        </test-method> <!-- setup -->
        <test-method status="PASS" signature="verifyServicesTab()[pri:4, instance:pageobject.test.HeaderTest@7fd8c559]" name="verifyServicesTab" duration-ms="111" started-at="2016-05-10T18:30:21Z" finished-at="2016-05-10T18:30:21Z">
          <reporter-output>
          </reporter-output>
        </test-method> <!-- verifyServicesTab -->
        <test-method status="PASS" signature="tearDown(org.testng.ITestResult)[pri:0, instance:pageobject.test.HeaderTest@7fd8c559]" name="tearDown" is-config="true" duration-ms="833" started-at="2016-05-10T18:30:21Z" finished-at="2016-05-10T18:30:22Z">
          <params>
            <param index="0">
              <value>
                <![CDATA[[TestResult name=verifyServicesTab status=SUCCESS method=HeaderTest.verifyServicesTab()[pri:4, instance:pageobject.test.HeaderTest@7fd8c559] output={null}]]]>
              </value>
            </param>
          </params>
          <reporter-output>
          </reporter-output>
        </test-method> <!-- tearDown -->
        <test-method status="PASS" signature="setup(java.lang.String, java.lang.String)[pri:0, instance:pageobject.test.HeaderTest@7fd8c559]" name="setup" is-config="true" duration-ms="10287" started-at="2016-05-10T18:30:22Z" finished-at="2016-05-10T18:30:32Z">
          <params>
            <param index="0">
              <value>
                <![CDATA[chrome]]>
              </value>
            </param>
            <param index="1">
              <value>
                <![CDATA[http://www.villageprint.com/]]>
              </value>
            </param>
          </params>
          <reporter-output>
          </reporter-output>
        </test-method> <!-- setup -->
        <test-method status="PASS" signature="verifyWorkTab()[pri:5, instance:pageobject.test.HeaderTest@7fd8c559]" name="verifyWorkTab" duration-ms="100" started-at="2016-05-10T18:30:32Z" finished-at="2016-05-10T18:30:32Z">
          <reporter-output>
          </reporter-output>
        </test-method> <!-- verifyWorkTab -->
        <test-method status="PASS" signature="tearDown(org.testng.ITestResult)[pri:0, instance:pageobject.test.HeaderTest@7fd8c559]" name="tearDown" is-config="true" duration-ms="856" started-at="2016-05-10T18:30:32Z" finished-at="2016-05-10T18:30:33Z">
          <params>
            <param index="0">
              <value>
                <![CDATA[[TestResult name=verifyWorkTab status=SUCCESS method=HeaderTest.verifyWorkTab()[pri:5, instance:pageobject.test.HeaderTest@7fd8c559] output={null}]]]>
              </value>
            </param>
          </params>
          <reporter-output>
          </reporter-output>
        </test-method> <!-- tearDown -->
        <test-method status="PASS" signature="setup(java.lang.String, java.lang.String)[pri:0, instance:pageobject.test.HeaderTest@7fd8c559]" name="setup" is-config="true" duration-ms="7327" started-at="2016-05-10T18:30:33Z" finished-at="2016-05-10T18:30:40Z">
          <params>
            <param index="0">
              <value>
                <![CDATA[chrome]]>
              </value>
            </param>
            <param index="1">
              <value>
                <![CDATA[http://www.villageprint.com/]]>
              </value>
            </param>
          </params>
          <reporter-output>
          </reporter-output>
        </test-method> <!-- setup -->
        <test-method status="PASS" signature="verifyBlogTab()[pri:6, instance:pageobject.test.HeaderTest@7fd8c559]" name="verifyBlogTab" duration-ms="139" started-at="2016-05-10T18:30:40Z" finished-at="2016-05-10T18:30:40Z">
          <reporter-output>
          </reporter-output>
        </test-method> <!-- verifyBlogTab -->
        <test-method status="PASS" signature="tearDown(org.testng.ITestResult)[pri:0, instance:pageobject.test.HeaderTest@7fd8c559]" name="tearDown" is-config="true" duration-ms="848" started-at="2016-05-10T18:30:40Z" finished-at="2016-05-10T18:30:41Z">
          <params>
            <param index="0">
              <value>
                <![CDATA[[TestResult name=verifyBlogTab status=SUCCESS method=HeaderTest.verifyBlogTab()[pri:6, instance:pageobject.test.HeaderTest@7fd8c559] output={null}]]]>
              </value>
            </param>
          </params>
          <reporter-output>
          </reporter-output>
        </test-method> <!-- tearDown -->
        <test-method status="PASS" signature="setup(java.lang.String, java.lang.String)[pri:0, instance:pageobject.test.HeaderTest@7fd8c559]" name="setup" is-config="true" duration-ms="10071" started-at="2016-05-10T18:30:41Z" finished-at="2016-05-10T18:30:51Z">
          <params>
            <param index="0">
              <value>
                <![CDATA[chrome]]>
              </value>
            </param>
            <param index="1">
              <value>
                <![CDATA[http://www.villageprint.com/]]>
              </value>
            </param>
          </params>
          <reporter-output>
          </reporter-output>
        </test-method> <!-- setup -->
        <test-method status="PASS" signature="verifyContactTab()[pri:7, instance:pageobject.test.HeaderTest@7fd8c559]" name="verifyContactTab" duration-ms="105" started-at="2016-05-10T18:30:51Z" finished-at="2016-05-10T18:30:51Z">
          <reporter-output>
          </reporter-output>
        </test-method> <!-- verifyContactTab -->
        <test-method status="PASS" signature="tearDown(org.testng.ITestResult)[pri:0, instance:pageobject.test.HeaderTest@7fd8c559]" name="tearDown" is-config="true" duration-ms="839" started-at="2016-05-10T18:30:51Z" finished-at="2016-05-10T18:30:52Z">
          <params>
            <param index="0">
              <value>
                <![CDATA[[TestResult name=verifyContactTab status=SUCCESS method=HeaderTest.verifyContactTab()[pri:7, instance:pageobject.test.HeaderTest@7fd8c559] output={null}]]]>
              </value>
            </param>
          </params>
          <reporter-output>
          </reporter-output>
        </test-method> <!-- tearDown -->
      </class> <!-- pageobject.test.HeaderTest -->
      <class name="pageobject.test.ServicesPageTest">
        <test-method status="PASS" signature="setup(java.lang.String, java.lang.String)[pri:0, instance:pageobject.test.ServicesPageTest@6c6366cf]" name="setup" is-config="true" duration-ms="7259" started-at="2016-05-10T18:31:30Z" finished-at="2016-05-10T18:31:37Z">
          <params>
            <param index="0">
              <value>
                <![CDATA[chrome]]>
              </value>
            </param>
            <param index="1">
              <value>
                <![CDATA[http://www.villageprint.com/]]>
              </value>
            </param>
          </params>
          <reporter-output>
          </reporter-output>
        </test-method> <!-- setup -->
        <test-method status="PASS" signature="is2ndSlideImageDisplayed()[pri:1, instance:pageobject.test.ServicesPageTest@6c6366cf]" name="is2ndSlideImageDisplayed" duration-ms="3738" started-at="2016-05-10T18:31:37Z" finished-at="2016-05-10T18:31:41Z">
          <reporter-output>
          </reporter-output>
        </test-method> <!-- is2ndSlideImageDisplayed -->
        <test-method status="PASS" signature="tearDown(org.testng.ITestResult)[pri:0, instance:pageobject.test.ServicesPageTest@6c6366cf]" name="tearDown" is-config="true" duration-ms="874" started-at="2016-05-10T18:31:41Z" finished-at="2016-05-10T18:31:42Z">
          <params>
            <param index="0">
              <value>
                <![CDATA[[TestResult name=is2ndSlideImageDisplayed status=SUCCESS method=ServicesPageTest.is2ndSlideImageDisplayed()[pri:1, instance:pageobject.test.ServicesPageTest@6c6366cf] output={null}]]]>
              </value>
            </param>
          </params>
          <reporter-output>
          </reporter-output>
        </test-method> <!-- tearDown -->
        <test-method status="PASS" signature="setup(java.lang.String, java.lang.String)[pri:0, instance:pageobject.test.ServicesPageTest@6c6366cf]" name="setup" is-config="true" duration-ms="6633" started-at="2016-05-10T18:31:42Z" finished-at="2016-05-10T18:31:49Z">
          <params>
            <param index="0">
              <value>
                <![CDATA[chrome]]>
              </value>
            </param>
            <param index="1">
              <value>
                <![CDATA[http://www.villageprint.com/]]>
              </value>
            </param>
          </params>
          <reporter-output>
          </reporter-output>
        </test-method> <!-- setup -->
        <test-method status="PASS" signature="isDigitalPrintingmenuCorrect()[pri:2, instance:pageobject.test.ServicesPageTest@6c6366cf]" name="isDigitalPrintingmenuCorrect" duration-ms="4190" started-at="2016-05-10T18:31:49Z" finished-at="2016-05-10T18:31:53Z">
          <reporter-output>
          </reporter-output>
        </test-method> <!-- isDigitalPrintingmenuCorrect -->
        <test-method status="PASS" signature="tearDown(org.testng.ITestResult)[pri:0, instance:pageobject.test.ServicesPageTest@6c6366cf]" name="tearDown" is-config="true" duration-ms="848" started-at="2016-05-10T18:31:53Z" finished-at="2016-05-10T18:31:54Z">
          <params>
            <param index="0">
              <value>
                <![CDATA[[TestResult name=isDigitalPrintingmenuCorrect status=SUCCESS method=ServicesPageTest.isDigitalPrintingmenuCorrect()[pri:2, instance:pageobject.test.ServicesPageTest@6c6366cf] output={null}]]]>
              </value>
            </param>
          </params>
          <reporter-output>
          </reporter-output>
        </test-method> <!-- tearDown -->
      </class> <!-- pageobject.test.ServicesPageTest -->
    </test> <!-- VPTestSuiteChrome -->
  </suite> <!-- VillagePrint Site Test Suite -->
</testng-results>
