<?xml version="1.0" encoding="UTF-8" ?>
<testsuite tests="22" failures="15" name="TestSuite" time="10.065" errors="0" skipped="0">
  <properties>
[...]
</properties>
  <testcase classname="pageobject.test.HeaderTest" name="verifyLogo" time="0.045"/>
  <testcase classname="pageobject.test.HeaderTest" name="verifyHomeTab" time="0.087"/>
  <testcase classname="pageobject.test.HeaderTest" name="verifyAboutTab" time="0.083"/>
  <testcase classname="pageobject.test.HeaderTest" name="verifyServicesTab" time="0.086"/>
  <testcase classname="pageobject.test.HeaderTest" name="verifyWorkTab" time="0.091"/>
  <testcase classname="pageobject.test.HeaderTest" name="verifyBlogTab" time="0.087"/>
  <testcase classname="pageobject.test.HeaderTest" name="verifyContactTab" time="0.084"/>
  <testcase classname="pageobject.test.HomePageTest" name="isHomeHeroImageDisplayed" time="0.002">
    <failure type="java.lang.NullPointerException">java.lang.NullPointerException
	at pageobject.test.HomePageTest.isHomeHeroImageDisplayed(HomePageTest.java:15)
</failure>
  </testcase>
  <testcase classname="pageobject.test.HomePageTest" name="isHomePageText1DisplayedAndCorrect" time="0">
    <failure type="java.lang.NullPointerException">java.lang.NullPointerException
	at pageobject.test.HomePageTest.isHomePageText1DisplayedAndCorrect(HomePageTest.java:19)
</failure>
  </testcase>
  <testcase classname="pageobject.test.HomePageTest" name="verifyRequestAQuoteBtn" time="0">
    <failure type="java.lang.NullPointerException">java.lang.NullPointerException
	at pageobject.test.HomePageTest.verifyRequestAQuoteBtn(HomePageTest.java:26)
</failure>
  </testcase>
  <testcase classname="pageobject.test.AboutPageTest" name="verifyServicesLink" time="0">
    <failure type="java.lang.NullPointerException">java.lang.NullPointerException
	at pageobject.test.AboutPageTest.verifyServicesLink(AboutPageTest.java:23)
</failure>
  </testcase>
  <testcase classname="pageobject.test.AboutPageTest" name="verifyVideoFrame" time="0">
    <failure type="java.lang.NullPointerException">java.lang.NullPointerException
	at pageobject.test.AboutPageTest.verifyVideoFrame(AboutPageTest.java:15)
</failure>
  </testcase>
  <testcase classname="pageobject.test.ServicesPageTest" name="is2ndSlideImageDisplayed" time="0">
    <failure type="java.lang.NullPointerException">java.lang.NullPointerException
	at pageobject.test.ServicesPageTest.is2ndSlideImageDisplayed(ServicesPageTest.java:16)
</failure>
  </testcase>
  <testcase classname="pageobject.test.ServicesPageTest" name="isDigitalPrintingmenuCorrect" time="0.001">
    <failure type="java.lang.NullPointerException">java.lang.NullPointerException
	at pageobject.test.ServicesPageTest.isDigitalPrintingmenuCorrect(ServicesPageTest.java:23)
</failure>
  </testcase>
  <testcase classname="pageobject.test.WorkPageTest" name="prevArrowVerification" time="0">
    <failure type="java.lang.NullPointerException">java.lang.NullPointerException
	at pageobject.test.WorkPageTest.prevArrowVerification(WorkPageTest.java:37)
</failure>
  </testcase>
  <testcase classname="pageobject.test.WorkPageTest" name="imageSignatureVerification" time="0">
    <failure type="java.lang.NullPointerException">java.lang.NullPointerException
	at pageobject.test.WorkPageTest.imageSignatureVerification(WorkPageTest.java:44)
</failure>
  </testcase>
  <testcase classname="pageobject.test.WorkPageTest" name="imageCounterVerification" time="0.001">
    <failure type="java.lang.NullPointerException">java.lang.NullPointerException
	at pageobject.test.WorkPageTest.imageCounterVerification(WorkPageTest.java:52)
</failure>
  </testcase>
  <testcase classname="pageobject.test.BlogPageTest" name="verifyArticlesSorting" time="0.001">
    <failure type="java.lang.NullPointerException">java.lang.NullPointerException
	at pageobject.test.BlogPageTest.verifyArticlesSorting(BlogPageTest.java:20)
</failure>
  </testcase>
  <testcase classname="pageobject.test.BlogPageTest" name="verifySearch" time="0">
    <failure type="java.lang.NullPointerException">java.lang.NullPointerException
	at pageobject.test.BlogPageTest.verifySearch(BlogPageTest.java:26)
</failure>
  </testcase>
  <testcase classname="pageobject.test.ContactPageTest" name="verifyRequiredFieldsMainValidation" time="0">
    <failure type="java.lang.NullPointerException">java.lang.NullPointerException
	at pageobject.test.ContactPageTest.verifyRequiredFieldsMainValidation(ContactPageTest.java:20)
</failure>
  </testcase>
  <testcase classname="pageobject.test.ContactPageTest" name="verifyRequiredNameFieldsValidation" time="0.001">
    <failure type="java.lang.NullPointerException">java.lang.NullPointerException
	at pageobject.test.ContactPageTest.verifyRequiredNameFieldsValidation(ContactPageTest.java:29)
</failure>
  </testcase>
  <testcase classname="pageobject.test.ContactPageTest" name="verifyRequiredEmailFieldValidation" time="0">
    <failure type="java.lang.NullPointerException">java.lang.NullPointerException
	at pageobject.test.ContactPageTest.verifyRequiredEmailFieldValidation(ContactPageTest.java:37)
</failure>
  </testcase>
</testsuite>